\BOOKMARK [1][-]{section.1}{Ivadas}{}% 1
\BOOKMARK [1][-]{section.2}{Literaturos ap\236valga}{}% 2
\BOOKMARK [1][-]{section.3}{Teorine dalis}{}% 3
\BOOKMARK [2][-]{subsection.3.1}{TIMSS tyrimo apra\235ymas}{section.3}% 4
\BOOKMARK [2][-]{subsection.3.2}{TIMSS tyrimu ap\236valga}{section.3}% 5
\BOOKMARK [2][-]{subsection.3.3}{TIMSS duomenys}{section.3}% 6
\BOOKMARK [2][-]{subsection.3.4}{Hierarchinis tiesinis modelis}{section.3}% 7
\BOOKMARK [2][-]{subsection.3.5}{Hierarchinio tiesinio modelio vertinimo proceduros}{section.3}% 8
\BOOKMARK [3][-]{subsubsection.3.5.1}{Efektu vertinimas}{subsection.3.5}% 9
\BOOKMARK [3][-]{subsubsection.3.5.2}{REML metodas}{subsection.3.5}% 10
\BOOKMARK [3][-]{subsubsection.3.5.3}{MINQUE metodas}{subsection.3.5}% 11
\BOOKMARK [3][-]{subsubsection.3.5.4}{Saviranka}{subsection.3.5}% 12
\BOOKMARK [2][-]{subsection.3.6}{Modelio parinkimas}{section.3}% 13
\BOOKMARK [1][-]{section.4}{Empirine dalis}{}% 14
\BOOKMARK [2][-]{subsection.4.1}{Monte Carlo simuliacijos}{section.4}% 15
\BOOKMARK [2][-]{subsection.4.2}{Simuliaciju rezultatai}{section.4}% 16
\BOOKMARK [2][-]{subsection.4.3}{HLM modelis 2011 metu TIMSS duomenims}{section.4}% 17
\BOOKMARK [1][-]{section.5}{Apibendrinimas ir i\235vados}{}% 18
\BOOKMARK [1][-]{section.5}{Literatura}{}% 19
\BOOKMARK [1][-]{section*.18}{Priedas}{}% 20
\BOOKMARK [1][-]{section*.18}{Lenteliu sara\235as}{}% 21
\BOOKMARK [1][-]{section*.19}{Iliustraciju sara\235as}{}% 22
