\BOOKMARK [1][-]{section*.1}{Turinys}{}% 1
\BOOKMARK [1][-]{section.1}{IVADAS}{}% 2
\BOOKMARK [1][-]{section.2}{HIERARCHINIAI TIESINIAI MODELIAI}{}% 3
\BOOKMARK [2][-]{subsection.2.1}{Hierarchinio tiesinio modelio apra\235ymas}{section.2}% 4
\BOOKMARK [2][-]{subsection.2.2}{Modelio parinkimas}{section.2}% 5
\BOOKMARK [1][-]{section.3}{PARAMETRU VERTINIMO METODAI}{}% 6
\BOOKMARK [2][-]{subsection.3.1}{Efektu vertinimas}{section.3}% 7
\BOOKMARK [2][-]{subsection.3.2}{REML metodas}{section.3}% 8
\BOOKMARK [2][-]{subsection.3.3}{MINQUE metodas}{section.3}% 9
\BOOKMARK [2][-]{subsection.3.4}{Saviranka}{section.3}% 10
\BOOKMARK [1][-]{section.4}{EMPIRINES SIMULIACIJOS}{}% 11
\BOOKMARK [2][-]{subsection.4.1}{Monte Carlo simuliacijos}{section.4}% 12
\BOOKMARK [2][-]{subsection.4.2}{Simuliaciju rezultatai}{section.4}% 13
\BOOKMARK [1][-]{section.5}{HLM MODELIS TIMSS DUOMENIMS}{}% 14
\BOOKMARK [2][-]{subsection.5.1}{TIMSS tyrimo apra\235ymas}{section.5}% 15
\BOOKMARK [2][-]{subsection.5.2}{TIMSS tyrimu ap\236valga}{section.5}% 16
\BOOKMARK [2][-]{subsection.5.3}{TIMSS duomenys}{section.5}% 17
\BOOKMARK [2][-]{subsection.5.4}{HLM modelis 2011 metu TIMSS duomenims}{section.5}% 18
\BOOKMARK [1][-]{section.6}{I\227VADOS}{}% 19
\BOOKMARK [1][-]{section.6}{LITERATURA IR \227ALTINIAI}{}% 20
\BOOKMARK [1][-]{section*.15}{LITERATURA IR \227ALTINIAI}{}% 21
\BOOKMARK [1][-]{section*.16}{Priedas}{}% 22
\BOOKMARK [1][-]{section*.16}{Lenteliu sara\235as}{}% 23
\BOOKMARK [1][-]{section*.17}{Lenteliu sara\235as}{}% 24
\BOOKMARK [1][-]{section*.17}{Iliustraciju sara\235as}{}% 25
\BOOKMARK [1][-]{section*.18}{Iliustraciju sara\235as}{}% 26
